<?xml version="1.0" encoding="UTF-8"?>
<!-- Generated by org.testng.reporters.JUnitXMLReporter -->
<testsuite ignored="0" hostname="DESKTOP-1BLE9HI" failures="0" tests="3" name="Default test" time="21.214" errors="0" timestamp="2024-06-14T20:01:28 IST">
  <testcase classname="testngDemo.GuruRegister" name="Contact_infromation" time="9.254"/>
  <testcase classname="testngDemo.GuruRegister" name="Mailing_Information" time="9.204"/>
  <testcase classname="testngDemo.GuruRegister" name="User_infromation" time="2.71"/>
</testsuite> <!-- Default test -->
