<?xml version="1.0" encoding="UTF-8"?>
<!-- Generated by org.testng.reporters.JUnitXMLReporter -->
<testsuite ignored="0" hostname="DESKTOP-1BLE9HI" failures="0" tests="3" name="Default test" time="33.665" errors="0" timestamp="2024-07-30T17:40:02 IST">
  <testcase classname="testngDemo.GuruRegister" name="Contact_infromation" time="17.896"/>
  <testcase classname="testngDemo.GuruRegister" name="Mailing_Information" time="9.767"/>
  <testcase classname="testngDemo.GuruRegister" name="User_infromation" time="5.951"/>
</testsuite> <!-- Default test -->
