<?xml version="1.0" encoding="UTF-8"?>
<!-- Generated by org.testng.reporters.JUnitXMLReporter -->
<testsuite ignored="3" hostname="DESKTOP-1BLE9HI" failures="0" tests="1" name="Test" time="0.046" errors="0" timestamp="2024-07-29T13:26:31 IST">
  <testcase classname="testngDemo.TestDisableFromExecution" name="testCase4" time="0.008"/>
  <testcase classname="testngDemo.TestDisableFromExecution" name="testCase3" time="0.0">
    <ignored/>
  </testcase> <!-- testCase3 -->
  <testcase classname="testngDemo.TestDisableFromExecution" name="testCase2" time="0.0">
    <ignored/>
  </testcase> <!-- testCase2 -->
  <testcase classname="testngDemo.TestDisableFromExecution" name="testCase1" time="0.0">
    <ignored/>
  </testcase> <!-- testCase1 -->
</testsuite> <!-- Test -->
