<?xml version="1.0" encoding="UTF-8"?>
<testng-results ignored="0" total="3" passed="3" failed="0" skipped="0">
  <reporter-output>
  </reporter-output>
  <suite started-at="2024-07-30T17:39:28 IST" name="Default suite" finished-at="2024-07-30T17:40:02 IST" duration-ms="33665">
    <groups>
    </groups>
    <test started-at="2024-07-30T17:39:28 IST" name="Default test" finished-at="2024-07-30T17:40:02 IST" duration-ms="33665">
      <class name="testngDemo.GuruRegister">
        <test-method signature="Contact_infromation()[pri:1, instance:testngDemo.GuruRegister@5890e879]" started-at="2024-07-30T17:39:28 IST" name="Contact_infromation" finished-at="2024-07-30T17:39:46 IST" duration-ms="17896" status="PASS">
          <reporter-output>
          </reporter-output>
        </test-method> <!-- Contact_infromation -->
        <test-method signature="Mailing_Information()[pri:2, instance:testngDemo.GuruRegister@5890e879]" started-at="2024-07-30T17:39:46 IST" name="Mailing_Information" finished-at="2024-07-30T17:39:56 IST" duration-ms="9767" status="PASS">
          <reporter-output>
          </reporter-output>
        </test-method> <!-- Mailing_Information -->
        <test-method signature="User_infromation()[pri:3, instance:testngDemo.GuruRegister@5890e879]" started-at="2024-07-30T17:39:56 IST" name="User_infromation" finished-at="2024-07-30T17:40:02 IST" duration-ms="5951" status="PASS">
          <reporter-output>
          </reporter-output>
        </test-method> <!-- User_infromation -->
      </class> <!-- testngDemo.GuruRegister -->
    </test> <!-- Default test -->
  </suite> <!-- Default suite -->
</testng-results>
