<?xml version="1.0" encoding="UTF-8"?>
<testng-results ignored="0" total="1" passed="1" failed="0" skipped="0">
  <reporter-output>
  </reporter-output>
  <suite started-at="2024-06-16T10:32:32 IST" name="Suite" finished-at="2024-06-16T10:32:40 IST" duration-ms="8702">
    <groups>
    </groups>
    <test started-at="2024-06-16T10:32:32 IST" name="Test" finished-at="2024-06-16T10:32:40 IST" duration-ms="8702">
      <class name="testngDemo.Guru99test">
        <test-method signature="logintest(java.lang.String,java.lang.String)[pri:0, instance:testngDemo.Guru99test@543588e6]" started-at="2024-06-16T10:32:32 IST" name="logintest" finished-at="2024-06-16T10:32:40 IST" duration-ms="8653" status="PASS">
          <params>
            <param index="0">
              <value>
                <![CDATA[vali123@gmail.com]]>
              </value>
            </param>
            <param index="1">
              <value>
                <![CDATA[test@123]]>
              </value>
            </param>
          </params>
          <reporter-output>
          </reporter-output>
        </test-method> <!-- logintest -->
      </class> <!-- testngDemo.Guru99test -->
    </test> <!-- Test -->
  </suite> <!-- Suite -->
</testng-results>
